<?xml version="1.0" encoding="UTF-8"?>
<!-- Generated by org.testng.reporters.JUnitXMLReporter -->
<testsuite hostname="CBT-MH-000" ignored="0" name="RESTAPI" tests="7" failures="2" timestamp="24 Oct 2019 12:21:17 GMT" time="11.152" errors="0">
  <testcase name="createTweet" time="4.953" classname="test.create">
    <failure type="java.lang.NullPointerException">
      <![CDATA[java.lang.NullPointerException
at test.create.createTweet(create.java:62)
... Removed 25 stack frames]]>
    </failure>
  </testcase> <!-- createTweet -->
  <testcase name="hashTag" time="2.922" classname="test.Hashtag"/>
  <testcase name="UsernameTweets" time="0.545" classname="test.listusers"/>
  <testcase name="ReTweet" time="0.004" classname="test.search">
    <failure type="java.lang.NullPointerException">
      <![CDATA[java.lang.NullPointerException
at test.search.ReTweet(search.java:49)
... Removed 25 stack frames]]>
    </failure>
  </testcase> <!-- ReTweet -->
  <testcase name="getTweet" time="0.645" classname="test.search"/>
  <testcase name="userName" time="1.38" classname="test.Username"/>
  <testcase name="getWeather" time="0.548" classname="test.Weather"/>
</testsuite> <!-- RESTAPI -->
