<?xml version="1.0" encoding="UTF-8"?>
<!-- Generated by org.testng.reporters.JUnitXMLReporter -->
<testsuite hostname="CBT-MH-000" ignored="0" name="Test" tests="6" failures="0" timestamp="31 Oct 2019 04:20:26 GMT" time="20.947" errors="0">
  <testcase name="hashTag" time="11.385" classname="test.Trending6"/>
  <testcase name="createTweet" time="2.029" classname="test.Create1"/>
  <testcase name="getWeather" time="0.742" classname="test.Weather4"/>
  <testcase name="UsernameTweets" time="1.522" classname="test.Usertweets5"/>
  <testcase name="getTweet" time="2.186" classname="test.Search2"/>
  <testcase name="userName" time="2.747" classname="test.Username3"/>
</testsuite> <!-- Test -->
